<?xml version="1.0" encoding="UTF-8" ?>
<testsuite errors="0" failures="0" hostname="DESKTOP-BSLBH1M" name="Models.MainPageModelTest" skipped="0" tests="3" time="0.399" timestamp="2017-02-24T16:27:08">
  <properties>
[...]
</properties>
  <testcase classname="Models.MainPageModelTest" name="testGetQuizzes" time="0.266" />
  <testcase classname="Models.MainPageModelTest" name="testGetPOS" time="0.054" />
  <testcase classname="Models.MainPageModelTest" name="testGetModules" time="0.03" />
  <system-out><![CDATA[getQuizzes
Success
POS ID:1
ID: 1
NameQuizTest
POS ID:1
ID: 2
NameQuizTest11
POS ID:1
ID: 3
Namefff
POS ID:1
ID: 4
Nameasfa
POS ID:1
ID: 5
Nameaaaaa
POS ID:1
ID: 6
NameEE1
POS ID:1
ID: 7
NameEE2
POS ID:1
ID: 8
NameEE3
POS ID:1
ID: 9
NameEE4
POS ID:1
ID: 10
NameEE5
POS ID:1
ID: 11
NameEE6
POS ID:1
ID: 12
NameEE6
POS ID:1
ID: 13
NameEE7
POS ID:1
ID: 14
NameEE8
POS ID:1
ID: 15
NameEE9
POS ID:1
ID: 16
NameEE10
POS ID:1
ID: 17
NameEE11
POS ID:1
ID: 18
NameEE12
POS ID:1
ID: 19
NameEE13
POS ID:1
ID: 20
NameE14
POS ID:1
ID: 21
NameEE14
POS ID:1
ID: 22
Namedddd
POS ID:1
ID: 23
NameEE15
POS ID:1
ID: 24
NameEE16
POS ID:1
ID: 25
NameEE17
POS ID:1
ID: 26
NameEE17
POS ID:1
ID: 27
Nameeba1
POS ID:1
ID: 28
Nameeba2
POS ID:1
ID: 29
Nameeba3
POS ID:1
ID: 30
Nameeba4
POS ID:1
ID: 31
Nameeba5
POS ID:1
ID: 32
Nameeba6
POS ID:1
ID: 33
Nameeba7
POS ID:1
ID: 34
Nameebaa1
POS ID:1
ID: 35
Nameebaa1
POS ID:1
ID: 36
Nameebaa2
POS ID:1
ID: 37
Nameebaaa1
POS ID:1
ID: 38
Nameebaba1
POS ID:1
ID: 39
Nameebababa2
POS ID:1
ID: 40
Nameebaba3
POS ID:1
ID: 41
Nameebababa4
POS ID:1
ID: 42
Nameebababa5
POS ID:1
ID: 43
Nameebababaab1
POS ID:1
ID: 44
Nameebababa6
POS ID:1
ID: 45
Nameebababbaa7
POS ID:1
ID: 46
NameebbbBAB1
POS ID:1
ID: 47
NameEBEBB1
POS ID:1
ID: 48
NameEBEBE3
POS ID:1
ID: 49
NameEBABEBBE4
POS ID:1
ID: 50
NameEBEBu1
POS ID:1
ID: 51
NameBEBEBU2
POS ID:1
ID: 52
NameebUEBUB1
POS ID:1
ID: 53
NameEBUEBUB2
POS ID:1
ID: 54
Nameebububs1
POS ID:1
ID: 55
Nameebububus2
POS ID:1
ID: 56
Nameebuebuebub3
POS ID:1
ID: 57
Namebubs1
POS ID:1
ID: 58
Nametesto1
POS ID:1
ID: 59
Nametest title
POS ID:1
ID: 60
Nametest title
POS ID:1
ID: 61
Nametest title
POS ID:1
ID: 62
Nametest title
POS ID:1
ID: 63
Nametest title
POS ID:1
ID: 64
Nametest title
POS ID:1
ID: 65
NameJAVIER SO FUNNY
POS ID:1
ID: 66
NameSUFIA SUCKS DICK
POS ID:1
ID: 67
Nametest title
POS ID:1
ID: 68
Namejavier says this doesnt work
POS ID:1
ID: 69
NamejavieeE1
POS ID:1
ID: 70
Nametest title
POS ID:1
ID: 71
Nametest title
POS ID:1
ID: 72
Nametest title
POS ID:1
ID: 73
Namequ1
POS ID:1
ID: 74
Namequ2
POS ID:1
ID: 75
Namequ3
POS ID:1
ID: 76
Nametestuu1
POS ID:1
ID: 77
Namejavier sak dekdk
POS ID:1
ID: 78
Namesomethin1
Success
POS ID:1
ID: 3
Namefff
POS ID:1
ID: 4
Nameasfa
POS ID:1
ID: 6
NameEE1
POS ID:1
ID: 7
NameEE2
POS ID:1
ID: 8
NameEE3
POS ID:1
ID: 9
NameEE4
POS ID:1
ID: 10
NameEE5
POS ID:1
ID: 11
NameEE6
POS ID:1
ID: 12
NameEE6
POS ID:1
ID: 13
NameEE7
POS ID:1
ID: 14
NameEE8
POS ID:1
ID: 15
NameEE9
POS ID:1
ID: 16
NameEE10
POS ID:1
ID: 17
NameEE11
POS ID:1
ID: 18
NameEE12
POS ID:1
ID: 19
NameEE13
POS ID:1
ID: 20
NameE14
POS ID:1
ID: 21
NameEE14
POS ID:1
ID: 22
Namedddd
POS ID:1
ID: 23
NameEE15
POS ID:1
ID: 24
NameEE16
POS ID:1
ID: 25
NameEE17
POS ID:1
ID: 26
NameEE17
POS ID:1
ID: 27
Nameeba1
POS ID:1
ID: 28
Nameeba2
POS ID:1
ID: 29
Nameeba3
POS ID:1
ID: 30
Nameeba4
POS ID:1
ID: 31
Nameeba5
POS ID:1
ID: 32
Nameeba6
POS ID:1
ID: 33
Nameeba7
POS ID:1
ID: 34
Nameebaa1
POS ID:1
ID: 35
Nameebaa1
POS ID:1
ID: 36
Nameebaa2
POS ID:1
ID: 37
Nameebaaa1
POS ID:1
ID: 38
Nameebaba1
POS ID:1
ID: 39
Nameebababa2
POS ID:1
ID: 40
Nameebaba3
POS ID:1
ID: 41
Nameebababa4
POS ID:1
ID: 42
Nameebababa5
POS ID:1
ID: 43
Nameebababaab1
POS ID:1
ID: 44
Nameebababa6
POS ID:1
ID: 45
Nameebababbaa7
POS ID:1
ID: 46
NameebbbBAB1
POS ID:1
ID: 47
NameEBEBB1
POS ID:1
ID: 48
NameEBEBE3
POS ID:1
ID: 49
NameEBABEBBE4
POS ID:1
ID: 50
NameEBEBu1
POS ID:1
ID: 51
NameBEBEBU2
POS ID:1
ID: 52
NameebUEBUB1
POS ID:1
ID: 53
NameEBUEBUB2
POS ID:1
ID: 54
Nameebububs1
POS ID:1
ID: 55
Nameebububus2
POS ID:1
ID: 56
Nameebuebuebub3
POS ID:1
ID: 57
Namebubs1
POS ID:1
ID: 58
Nametesto1
POS ID:1
ID: 59
Nametest title
POS ID:1
ID: 60
Nametest title
POS ID:1
ID: 61
Nametest title
POS ID:1
ID: 62
Nametest title
POS ID:1
ID: 63
Nametest title
POS ID:1
ID: 64
Nametest title
POS ID:1
ID: 65
NameJAVIER SO FUNNY
POS ID:1
ID: 66
NameSUFIA SUCKS DICK
POS ID:1
ID: 67
Nametest title
POS ID:1
ID: 68
Namejavier says this doesnt work
POS ID:1
ID: 69
NamejavieeE1
POS ID:1
ID: 70
Nametest title
POS ID:1
ID: 71
Nametest title
POS ID:1
ID: 72
Nametest title
POS ID:1
ID: 73
Namequ1
POS ID:1
ID: 74
Namequ2
POS ID:1
ID: 75
Namequ3
POS ID:1
ID: 76
Nametestuu1
POS ID:1
ID: 77
Namejavier sak dekdk
POS ID:1
ID: 78
Namesomethin1
Staff: QuizTest
Stduent: fff
Staff_hardcoded: QuizTest
Stduent_hardcoded: fff
getPOS
Success
ID: 1
NameFirstPoS
ID: 2
NameCompPoS
Hardcoded0: FirstPoS
Auto0: FirstPoS
Hardcoded1: CompPoS
Auto1: CompPoS
getModules
Success
POS ID:1
ID: 1
NameModule1
]]></system-out>
  <system-err><![CDATA[]]></system-err>
</testsuite>
